<?xml version="1.0" encoding="UTF-8"?>
<testng-results skipped="0" failed="2" ignored="0" total="4" passed="2">
  <reporter-output>
  </reporter-output>
  <suite name="Default suite" duration-ms="58" started-at="2016-12-19T08:22:12Z" finished-at="2016-12-19T08:22:12Z">
    <groups>
    </groups>
    <test name="Default test" duration-ms="58" started-at="2016-12-19T08:22:12Z" finished-at="2016-12-19T08:22:12Z">
      <class name="com.luqili.utils.idcard.IDCardUtilsTest">
        <test-method status="PASS" signature="getBirthday()[pri:0, instance:com.luqili.utils.idcard.IDCardUtilsTest@3c09711b]" name="getBirthday" duration-ms="22" started-at="2016-12-19T16:22:12Z" finished-at="2016-12-19T16:22:12Z">
          <reporter-output>
          </reporter-output>
        </test-method> <!-- getBirthday -->
        <test-method status="FAIL" signature="getGender()[pri:0, instance:com.luqili.utils.idcard.IDCardUtilsTest@3c09711b]" name="getGender" duration-ms="14" started-at="2016-12-19T16:22:12Z" finished-at="2016-12-19T16:22:12Z">
          <exception class="java.lang.RuntimeException">
            <message>
              <![CDATA[身份证号[371521199004291410]错误]]>
            </message>
            <full-stacktrace>
              <![CDATA[java.lang.RuntimeException: 身份证号[371521199004291410]错误
	at com.luqili.utils.idcard.IDCardUtils.getGender(IDCardUtils.java:61)
	at com.luqili.utils.idcard.IDCardUtilsTest.getGender(IDCardUtilsTest.java:14)
	at sun.reflect.NativeMethodAccessorImpl.invoke0(Native Method)
	at sun.reflect.NativeMethodAccessorImpl.invoke(NativeMethodAccessorImpl.java:62)
	at sun.reflect.DelegatingMethodAccessorImpl.invoke(DelegatingMethodAccessorImpl.java:43)
	at java.lang.reflect.Method.invoke(Method.java:498)
	at org.testng.internal.MethodInvocationHelper.invokeMethod(MethodInvocationHelper.java:104)
	at org.testng.internal.Invoker.invokeMethod(Invoker.java:645)
	at org.testng.internal.Invoker.invokeTestMethod(Invoker.java:851)
	at org.testng.internal.Invoker.invokeTestMethods(Invoker.java:1177)
	at org.testng.internal.TestMethodWorker.invokeTestMethods(TestMethodWorker.java:129)
	at org.testng.internal.TestMethodWorker.run(TestMethodWorker.java:112)
	at org.testng.TestRunner.privateRun(TestRunner.java:756)
	at org.testng.TestRunner.run(TestRunner.java:610)
	at org.testng.SuiteRunner.runTest(SuiteRunner.java:387)
	at org.testng.SuiteRunner.runSequentially(SuiteRunner.java:382)
	at org.testng.SuiteRunner.privateRun(SuiteRunner.java:340)
	at org.testng.SuiteRunner.run(SuiteRunner.java:289)
	at org.testng.SuiteRunnerWorker.runSuite(SuiteRunnerWorker.java:52)
	at org.testng.SuiteRunnerWorker.run(SuiteRunnerWorker.java:86)
	at org.testng.TestNG.runSuitesSequentially(TestNG.java:1293)
	at org.testng.TestNG.runSuitesLocally(TestNG.java:1218)
	at org.testng.TestNG.runSuites(TestNG.java:1133)
	at org.testng.TestNG.run(TestNG.java:1104)
	at org.testng.remote.AbstractRemoteTestNG.run(AbstractRemoteTestNG.java:126)
	at org.testng.remote.RemoteTestNG.initAndRun(RemoteTestNG.java:152)
	at org.testng.remote.RemoteTestNG.main(RemoteTestNG.java:57)
]]>
            </full-stacktrace>
          </exception> <!-- java.lang.RuntimeException -->
          <reporter-output>
          </reporter-output>
        </test-method> <!-- getGender -->
        <test-method status="PASS" signature="validIdCardCode()[pri:0, instance:com.luqili.utils.idcard.IDCardUtilsTest@3c09711b]" name="validIdCardCode" duration-ms="1" started-at="2016-12-19T16:22:12Z" finished-at="2016-12-19T16:22:12Z">
          <reporter-output>
          </reporter-output>
        </test-method> <!-- validIdCardCode -->
        <test-method status="FAIL" signature="validIdCardCodeMessage()[pri:0, instance:com.luqili.utils.idcard.IDCardUtilsTest@3c09711b]" name="validIdCardCodeMessage" duration-ms="1" started-at="2016-12-19T16:22:12Z" finished-at="2016-12-19T16:22:12Z">
          <exception class="java.lang.RuntimeException">
            <message>
              <![CDATA[校验码错误]]>
            </message>
            <full-stacktrace>
              <![CDATA[java.lang.RuntimeException: 校验码错误
	at com.luqili.utils.idcard.IDCardUtils.validIdCardCodeMessage(IDCardUtils.java:126)
	at com.luqili.utils.idcard.IDCardUtilsTest.validIdCardCodeMessage(IDCardUtilsTest.java:25)
	at sun.reflect.NativeMethodAccessorImpl.invoke0(Native Method)
	at sun.reflect.NativeMethodAccessorImpl.invoke(NativeMethodAccessorImpl.java:62)
	at sun.reflect.DelegatingMethodAccessorImpl.invoke(DelegatingMethodAccessorImpl.java:43)
	at java.lang.reflect.Method.invoke(Method.java:498)
	at org.testng.internal.MethodInvocationHelper.invokeMethod(MethodInvocationHelper.java:104)
	at org.testng.internal.Invoker.invokeMethod(Invoker.java:645)
	at org.testng.internal.Invoker.invokeTestMethod(Invoker.java:851)
	at org.testng.internal.Invoker.invokeTestMethods(Invoker.java:1177)
	at org.testng.internal.TestMethodWorker.invokeTestMethods(TestMethodWorker.java:129)
	at org.testng.internal.TestMethodWorker.run(TestMethodWorker.java:112)
	at org.testng.TestRunner.privateRun(TestRunner.java:756)
	at org.testng.TestRunner.run(TestRunner.java:610)
	at org.testng.SuiteRunner.runTest(SuiteRunner.java:387)
	at org.testng.SuiteRunner.runSequentially(SuiteRunner.java:382)
	at org.testng.SuiteRunner.privateRun(SuiteRunner.java:340)
	at org.testng.SuiteRunner.run(SuiteRunner.java:289)
	at org.testng.SuiteRunnerWorker.runSuite(SuiteRunnerWorker.java:52)
	at org.testng.SuiteRunnerWorker.run(SuiteRunnerWorker.java:86)
	at org.testng.TestNG.runSuitesSequentially(TestNG.java:1293)
	at org.testng.TestNG.runSuitesLocally(TestNG.java:1218)
	at org.testng.TestNG.runSuites(TestNG.java:1133)
	at org.testng.TestNG.run(TestNG.java:1104)
	at org.testng.remote.AbstractRemoteTestNG.run(AbstractRemoteTestNG.java:126)
	at org.testng.remote.RemoteTestNG.initAndRun(RemoteTestNG.java:152)
	at org.testng.remote.RemoteTestNG.main(RemoteTestNG.java:57)
]]>
            </full-stacktrace>
          </exception> <!-- java.lang.RuntimeException -->
          <reporter-output>
          </reporter-output>
        </test-method> <!-- validIdCardCodeMessage -->
      </class> <!-- com.luqili.utils.idcard.IDCardUtilsTest -->
    </test> <!-- Default test -->
  </suite> <!-- Default suite -->
</testng-results>
