<?xml version="1.0" encoding="UTF-8"?>
<testng-results skipped="0" failed="0" ignored="0" total="4" passed="4">
  <reporter-output>
  </reporter-output>
  <suite name="Default suite" duration-ms="40" started-at="2016-12-22T06:29:16Z" finished-at="2016-12-22T06:29:16Z">
    <groups>
    </groups>
    <test name="Default test" duration-ms="40" started-at="2016-12-22T06:29:16Z" finished-at="2016-12-22T06:29:16Z">
      <class name="com.luqili.utils.date.DateUtilsTest">
        <test-method status="PASS" signature="beforeMethod()[pri:0, instance:com.luqili.utils.date.DateUtilsTest@458ad742]" name="beforeMethod" is-config="true" duration-ms="14" started-at="2016-12-22T14:29:16Z" finished-at="2016-12-22T14:29:16Z">
          <reporter-output>
          </reporter-output>
        </test-method> <!-- beforeMethod -->
        <test-method status="PASS" signature="differ()[pri:0, instance:com.luqili.utils.date.DateUtilsTest@458ad742]" name="differ" duration-ms="5" started-at="2016-12-22T14:29:16Z" finished-at="2016-12-22T14:29:16Z">
          <reporter-output>
          </reporter-output>
        </test-method> <!-- differ -->
        <test-method status="PASS" signature="differDay()[pri:0, instance:com.luqili.utils.date.DateUtilsTest@458ad742]" name="differDay" duration-ms="2" started-at="2016-12-22T14:29:16Z" finished-at="2016-12-22T14:29:16Z">
          <reporter-output>
          </reporter-output>
        </test-method> <!-- differDay -->
        <test-method status="PASS" signature="beforeMethod()[pri:0, instance:com.luqili.utils.date.DateUtilsTest@458ad742]" name="beforeMethod" is-config="true" duration-ms="0" started-at="2016-12-22T14:29:16Z" finished-at="2016-12-22T14:29:16Z">
          <reporter-output>
          </reporter-output>
        </test-method> <!-- beforeMethod -->
        <test-method status="PASS" signature="beforeMethod()[pri:0, instance:com.luqili.utils.date.DateUtilsTest@458ad742]" name="beforeMethod" is-config="true" duration-ms="0" started-at="2016-12-22T14:29:16Z" finished-at="2016-12-22T14:29:16Z">
          <reporter-output>
          </reporter-output>
        </test-method> <!-- beforeMethod -->
        <test-method status="PASS" signature="differMonth()[pri:0, instance:com.luqili.utils.date.DateUtilsTest@458ad742]" name="differMonth" duration-ms="1" started-at="2016-12-22T14:29:16Z" finished-at="2016-12-22T14:29:16Z">
          <reporter-output>
          </reporter-output>
        </test-method> <!-- differMonth -->
        <test-method status="PASS" signature="beforeMethod()[pri:0, instance:com.luqili.utils.date.DateUtilsTest@458ad742]" name="beforeMethod" is-config="true" duration-ms="0" started-at="2016-12-22T14:29:16Z" finished-at="2016-12-22T14:29:16Z">
          <reporter-output>
          </reporter-output>
        </test-method> <!-- beforeMethod -->
        <test-method status="PASS" signature="differYear()[pri:0, instance:com.luqili.utils.date.DateUtilsTest@458ad742]" name="differYear" duration-ms="0" started-at="2016-12-22T14:29:16Z" finished-at="2016-12-22T14:29:16Z">
          <reporter-output>
          </reporter-output>
        </test-method> <!-- differYear -->
      </class> <!-- com.luqili.utils.date.DateUtilsTest -->
    </test> <!-- Default test -->
  </suite> <!-- Default suite -->
</testng-results>
