<?xml version="1.0" encoding="UTF-8"?>
<!-- Generated by org.testng.reporters.JUnitXMLReporter -->
<testsuite hostname="debian" ignored="0" name="Default test" tests="4" failures="0" timestamp="22 十二月 2016 06:29:16 GMT" time="0.04" errors="0">
  <testcase name="differ" time="0.005" classname="com.luqili.utils.date.DateUtilsTest"/>
  <testcase name="differDay" time="0.002" classname="com.luqili.utils.date.DateUtilsTest"/>
  <testcase name="differMonth" time="0.001" classname="com.luqili.utils.date.DateUtilsTest"/>
  <testcase name="differYear" time="0.0" classname="com.luqili.utils.date.DateUtilsTest"/>
</testsuite> <!-- Default test -->
